#-----------------------------------------------------------
# Vivado v2018.2 (64-bit)
# SW Build 2258646 on Thu Jun 14 20:03:12 MDT 2018
# IP Build 2256618 on Thu Jun 14 22:10:49 MDT 2018
# Start of session at: Tue Jun 21 23:41:56 2022
# Process ID: 6140
# Current directory: C:/Users/paulb/OneDrive - The University of Nottingham/sandbox/GNSS_RX_ZedMB
# Command line: vivado.exe -gui_launcher_event rodinguilauncherevent18952 C:\Users\paulb\OneDrive - The University of Nottingham\sandbox\GNSS_RX_ZedMB\GNSS_RX_ZedMB.xpr
# Log file: C:/Users/paulb/OneDrive - The University of Nottingham/sandbox/GNSS_RX_ZedMB/vivado.log
# Journal file: C:/Users/paulb/OneDrive - The University of Nottingham/sandbox/GNSS_RX_ZedMB\vivado.jou
#-----------------------------------------------------------
start_gui
open_project {C:/Users/paulb/OneDrive - The University of Nottingham/sandbox/GNSS_RX_ZedMB/GNSS_RX_ZedMB.xpr}
INFO: [Project 1-313] Project file moved from 'C:/sandbox/vhdl/GNSS_RX_ZedMB' since last save.
Scanning sources...
Finished scanning sources
WARNING: [filemgmt 56-2] IP Repository Path: Could not find the directory 'C:/Users/paulb/OneDrive - The University of Nottingham/sandbox/frontEndMonitorSVNtest/frontEndMonitorSVNtest/trunk/Technical/FPGA/Custom_IPs/ip_repo', nor could it be found using path 'C:/sandbox/vhdl/frontEndMonitorSVNtest/frontEndMonitorSVNtest/trunk/Technical/FPGA/Custom_IPs/ip_repo'.
WARNING: [filemgmt 56-2] IP Repository Path: Could not find the directory 'C:/Users/paulb/OneDrive - The University of Nottingham/sandbox/frontEndMonitorSVNtest/frontEndMonitorSVNtest/trunk/Technical/FPGA/Custom_IPs/frontEndMonitor/frontEndMonitor.srcs', nor could it be found using path 'C:/sandbox/vhdl/frontEndMonitorSVNtest/frontEndMonitorSVNtest/trunk/Technical/FPGA/Custom_IPs/frontEndMonitor/frontEndMonitor.srcs'.
INFO: [IP_Flow 19-234] Refreshing IP repositories
WARNING: [IP_Flow 19-2248] Failed to load user IP repository 'c:/Users/paulb/OneDrive - The University of Nottingham/sandbox/frontEndMonitorSVNtest/frontEndMonitorSVNtest/trunk/Technical/FPGA/Custom_IPs/ip_repo'; Can't find the specified path.
If this directory should no longer be in your list of user repositories, go to the IP Settings dialog and remove it.
WARNING: [IP_Flow 19-2248] Failed to load user IP repository 'c:/Users/paulb/OneDrive - The University of Nottingham/sandbox/frontEndMonitorSVNtest/frontEndMonitorSVNtest/trunk/Technical/FPGA/Custom_IPs/frontEndMonitor/frontEndMonitor.srcs'; Can't find the specified path.
If this directory should no longer be in your list of user repositories, go to the IP Settings dialog and remove it.
INFO: [IP_Flow 19-2313] Loaded Vivado IP repository 'C:/Xilinx/Vivado/2018.2/data/ip'.
WARNING: [Project 1-533] File 'C:/sandbox/vhdl/GNSS_RX_ZedMB/GNSS_RX_ZedMB.srcs/sources_1/ip/design_1_c_counter_binary_0_0/design_1_c_counter_binary_0_0.xci' could not be found in the subdesign 'C:/Users/paulb/OneDrive - The University of Nottingham/sandbox/GNSS_RX_ZedMB/GNSS_RX_ZedMB.srcs/sources_1/bd/design_1/design_1.bd', but fileset 'design_1_c_counter_binary_0_0' still exists. The fileset and corresponding run(s) will be deleted the next time top-level synthesis is run.
open_project: Time (s): cpu = 00:00:36 ; elapsed = 00:00:27 . Memory (MB): peak = 909.926 ; gain = 173.332
update_compile_order -fileset sources_1
open_bd_design {C:/Users/paulb/OneDrive - The University of Nottingham/sandbox/GNSS_RX_ZedMB/GNSS_RX_ZedMB.srcs/sources_1/bd/design_1/design_1.bd}
Adding cell -- xilinx.com:ip:microblaze:10.0 - microblaze_0
Adding cell -- xilinx.com:ip:clk_wiz:6.0 - clk_wiz_0
Adding cell -- xilinx.com:ip:axi_intc:4.1 - microblaze_0_axi_intc
Adding cell -- xilinx.com:ip:xlconcat:2.1 - microblaze_0_xlconcat
Adding cell -- xilinx.com:ip:mdm:3.2 - mdm_1
Adding cell -- xilinx.com:ip:proc_sys_reset:5.0 - rst_clk_wiz_0_100M
Adding cell -- xilinx.com:ip:axi_gpio:2.0 - axi_gpio_0
Adding cell -- xilinx.com:ip:c_counter_binary:12.0 - c_counter_binary_0
Adding cell -- xilinx.com:ip:axi_quad_spi:3.2 - axi_quad_spi_0
Adding cell -- xilinx.com:ip:axi_timer:2.0 - axi_timer_0
Adding cell -- xilinx.com:ip:axi_crossbar:2.1 - xbar
Adding cell -- xilinx.com:ip:lmb_v10:3.0 - dlmb_v10
Adding cell -- xilinx.com:ip:lmb_v10:3.0 - ilmb_v10
Adding cell -- xilinx.com:ip:lmb_bram_if_cntlr:4.0 - dlmb_bram_if_cntlr
Adding cell -- xilinx.com:ip:lmb_bram_if_cntlr:4.0 - ilmb_bram_if_cntlr
Adding cell -- xilinx.com:ip:blk_mem_gen:8.4 - lmb_bram
Successfully read diagram <design_1> from BD file <C:/Users/paulb/OneDrive - The University of Nottingham/sandbox/GNSS_RX_ZedMB/GNSS_RX_ZedMB.srcs/sources_1/bd/design_1/design_1.bd>
open_bd_design: Time (s): cpu = 00:00:17 ; elapsed = 00:00:16 . Memory (MB): peak = 1069.695 ; gain = 133.777
launch_sdk -workspace {C:/Users/paulb/OneDrive - The University of Nottingham/sandbox/GNSS_RX_ZedMB/GNSS_RX_ZedMB.sdk} -hwspec {C:/Users/paulb/OneDrive - The University of Nottingham/sandbox/GNSS_RX_ZedMB/GNSS_RX_ZedMB.sdk/ZedMB_top.hdf}
INFO: [Vivado 12-393] Launching SDK...
INFO: [Vivado 12-417] Running xsdk -workspace C:/Users/paulb/OneDrive - The University of Nottingham/sandbox/GNSS_RX_ZedMB/GNSS_RX_ZedMB.sdk -hwspec C:/Users/paulb/OneDrive - The University of Nottingham/sandbox/GNSS_RX_ZedMB/GNSS_RX_ZedMB.sdk/ZedMB_top.hdf
INFO: [Vivado 12-3157] SDK launch initiated. Please check console for any further messages.
launch_sdk -workspace {C:/Users/paulb/OneDrive - The University of Nottingham/sandbox/GNSS_RX_ZedMB/GNSS_RX_ZedMB.sdk} -hwspec {C:/Users/paulb/OneDrive - The University of Nottingham/sandbox/GNSS_RX_ZedMB/GNSS_RX_ZedMB.sdk/ZedMB_top.hdf}
INFO: [Vivado 12-393] Launching SDK...
INFO: [Vivado 12-417] Running xsdk -workspace C:/Users/paulb/OneDrive - The University of Nottingham/sandbox/GNSS_RX_ZedMB/GNSS_RX_ZedMB.sdk -hwspec C:/Users/paulb/OneDrive - The University of Nottingham/sandbox/GNSS_RX_ZedMB/GNSS_RX_ZedMB.sdk/ZedMB_top.hdf
INFO: [Vivado 12-3157] SDK launch initiated. Please check console for any further messages.
launch_sdk -workspace {C:/Users/paulb/OneDrive - The University of Nottingham/sandbox/GNSS_RX_ZedMB/GNSS_RX_ZedMB.sdk} -hwspec {C:/Users/paulb/OneDrive - The University of Nottingham/sandbox/GNSS_RX_ZedMB/GNSS_RX_ZedMB.sdk/ZedMB_top.hdf}
INFO: [Vivado 12-393] Launching SDK...
INFO: [Vivado 12-417] Running xsdk -workspace C:/Users/paulb/OneDrive - The University of Nottingham/sandbox/GNSS_RX_ZedMB/GNSS_RX_ZedMB.sdk -hwspec C:/Users/paulb/OneDrive - The University of Nottingham/sandbox/GNSS_RX_ZedMB/GNSS_RX_ZedMB.sdk/ZedMB_top.hdf
INFO: [Vivado 12-3157] SDK launch initiated. Please check console for any further messages.
exit
INFO: [Common 17-206] Exiting Vivado at Wed Jun 22 00:26:00 2022...
