#-----------------------------------------------------------
# Vivado v2018.2 (64-bit)
# SW Build 2258646 on Thu Jun 14 20:03:12 MDT 2018
# IP Build 2256618 on Thu Jun 14 22:10:49 MDT 2018
# Start of session at: Tue Jul  5 13:49:42 2022
# Process ID: 5008
# Current directory: C:/dataSandbox/Zedboard/GNSS_RX_ZedMB_runningVersionPreRebuild/GNSS_RX_ZedMB
# Command line: vivado.exe -gui_launcher_event rodinguilauncherevent11816 C:\dataSandbox\Zedboard\GNSS_RX_ZedMB_runningVersionPreRebuild\GNSS_RX_ZedMB\GNSS_RX_ZedMB.xpr
# Log file: C:/dataSandbox/Zedboard/GNSS_RX_ZedMB_runningVersionPreRebuild/GNSS_RX_ZedMB/vivado.log
# Journal file: C:/dataSandbox/Zedboard/GNSS_RX_ZedMB_runningVersionPreRebuild/GNSS_RX_ZedMB\vivado.jou
#-----------------------------------------------------------
start_gui
open_project C:/dataSandbox/Zedboard/GNSS_RX_ZedMB_runningVersionPreRebuild/GNSS_RX_ZedMB/GNSS_RX_ZedMB.xpr
INFO: [Project 1-313] Project file moved from 'C:/dataSandbox/Zedboard/GNSS_RX_ZedMB' since last save.
Scanning sources...
Finished scanning sources
WARNING: [filemgmt 56-2] IP Repository Path: Could not find the directory 'C:/dataSandbox/Zedboard/GNSS_RX_ZedMB_runningVersionPreRebuild/frontEndMonitorSVNtest/frontEndMonitorSVNtest/trunk/Technical/FPGA/Custom_IPs/ip_repo', nor could it be found using path 'C:/dataSandbox/Zedboard/frontEndMonitorSVNtest/frontEndMonitorSVNtest/trunk/Technical/FPGA/Custom_IPs/ip_repo'.
WARNING: [filemgmt 56-2] IP Repository Path: Could not find the directory 'C:/dataSandbox/Zedboard/GNSS_RX_ZedMB_runningVersionPreRebuild/frontEndMonitorSVNtest/frontEndMonitorSVNtest/trunk/Technical/FPGA/Custom_IPs/frontEndMonitor/frontEndMonitor.srcs', nor could it be found using path 'C:/dataSandbox/Zedboard/frontEndMonitorSVNtest/frontEndMonitorSVNtest/trunk/Technical/FPGA/Custom_IPs/frontEndMonitor/frontEndMonitor.srcs'.
INFO: [IP_Flow 19-234] Refreshing IP repositories
WARNING: [IP_Flow 19-2248] Failed to load user IP repository 'c:/dataSandbox/Zedboard/GNSS_RX_ZedMB_runningVersionPreRebuild/frontEndMonitorSVNtest/frontEndMonitorSVNtest/trunk/Technical/FPGA/Custom_IPs/ip_repo'; Can't find the specified path.
If this directory should no longer be in your list of user repositories, go to the IP Settings dialog and remove it.
WARNING: [IP_Flow 19-2248] Failed to load user IP repository 'c:/dataSandbox/Zedboard/GNSS_RX_ZedMB_runningVersionPreRebuild/frontEndMonitorSVNtest/frontEndMonitorSVNtest/trunk/Technical/FPGA/Custom_IPs/frontEndMonitor/frontEndMonitor.srcs'; Can't find the specified path.
If this directory should no longer be in your list of user repositories, go to the IP Settings dialog and remove it.
INFO: [IP_Flow 19-2313] Loaded Vivado IP repository 'C:/Xilinx/Vivado/2018.2/data/ip'.
open_project: Time (s): cpu = 00:00:25 ; elapsed = 00:00:13 . Memory (MB): peak = 902.863 ; gain = 162.738
update_compile_order -fileset sources_1
launch_sdk -workspace C:/dataSandbox/Zedboard/GNSS_RX_ZedMB_runningVersionPreRebuild/GNSS_RX_ZedMB/GNSS_RX_ZedMB.sdk -hwspec C:/dataSandbox/Zedboard/GNSS_RX_ZedMB_runningVersionPreRebuild/GNSS_RX_ZedMB/GNSS_RX_ZedMB.sdk/ZedMB_top.hdf
INFO: [Vivado 12-393] Launching SDK...
INFO: [Vivado 12-417] Running xsdk -workspace C:/dataSandbox/Zedboard/GNSS_RX_ZedMB_runningVersionPreRebuild/GNSS_RX_ZedMB/GNSS_RX_ZedMB.sdk -hwspec C:/dataSandbox/Zedboard/GNSS_RX_ZedMB_runningVersionPreRebuild/GNSS_RX_ZedMB/GNSS_RX_ZedMB.sdk/ZedMB_top.hdf
INFO: [Vivado 12-3157] SDK launch initiated. Please check console for any further messages.
close_project
open_project C:/dataSandbox/Zedboard/GNSS_RX_ZedMB/GNSS_RX_ZedMB.xpr
Scanning sources...
Finished scanning sources
WARNING: [filemgmt 56-3] IP Repository Path: Could not find the directory 'C:/dataSandbox/Zedboard/frontEndMonitorSVNtest/frontEndMonitorSVNtest/trunk/Technical/FPGA/Custom_IPs/ip_repo'.
WARNING: [filemgmt 56-3] IP Repository Path: Could not find the directory 'C:/dataSandbox/Zedboard/frontEndMonitorSVNtest/frontEndMonitorSVNtest/trunk/Technical/FPGA/Custom_IPs/frontEndMonitor/frontEndMonitor.srcs'.
INFO: [IP_Flow 19-234] Refreshing IP repositories
WARNING: [IP_Flow 19-2248] Failed to load user IP repository 'c:/dataSandbox/Zedboard/frontEndMonitorSVNtest/frontEndMonitorSVNtest/trunk/Technical/FPGA/Custom_IPs/ip_repo'; Can't find the specified path.
If this directory should no longer be in your list of user repositories, go to the IP Settings dialog and remove it.
WARNING: [IP_Flow 19-2248] Failed to load user IP repository 'c:/dataSandbox/Zedboard/frontEndMonitorSVNtest/frontEndMonitorSVNtest/trunk/Technical/FPGA/Custom_IPs/frontEndMonitor/frontEndMonitor.srcs'; Can't find the specified path.
If this directory should no longer be in your list of user repositories, go to the IP Settings dialog and remove it.
INFO: [IP_Flow 19-2313] Loaded Vivado IP repository 'C:/Xilinx/Vivado/2018.2/data/ip'.
open_project: Time (s): cpu = 00:00:16 ; elapsed = 00:00:10 . Memory (MB): peak = 993.844 ; gain = 67.148
update_compile_order -fileset sources_1
launch_sdk -workspace C:/dataSandbox/Zedboard/GNSS_RX_ZedMB/GNSS_RX_ZedMB.sdk -hwspec C:/dataSandbox/Zedboard/GNSS_RX_ZedMB/GNSS_RX_ZedMB.sdk/ZedMB_top.hdf
INFO: [Vivado 12-393] Launching SDK...
INFO: [Vivado 12-417] Running xsdk -workspace C:/dataSandbox/Zedboard/GNSS_RX_ZedMB/GNSS_RX_ZedMB.sdk -hwspec C:/dataSandbox/Zedboard/GNSS_RX_ZedMB/GNSS_RX_ZedMB.sdk/ZedMB_top.hdf
INFO: [Vivado 12-3157] SDK launch initiated. Please check console for any further messages.
open_hw
connect_hw_server
INFO: [Labtools 27-2285] Connecting to hw_server url TCP:localhost:3121
INFO: [Labtools 27-2222] Launching hw_server...
INFO: [Labtools 27-2221] Launch Output:

****** Xilinx hw_server v2018.2
  **** Build date : Jun 14 2018-20:42:52
    ** Copyright 1986-2018 Xilinx, Inc. All Rights Reserved.


connect_hw_server: Time (s): cpu = 00:00:01 ; elapsed = 00:00:05 . Memory (MB): peak = 993.844 ; gain = 0.000
open_hw_target
INFO: [Labtoolstcl 44-466] Opening hw_target localhost:3121/xilinx_tcf/Digilent/210248B4AC06
open_hw_target: Time (s): cpu = 00:00:03 ; elapsed = 00:00:06 . Memory (MB): peak = 1620.770 ; gain = 626.926
set_property PROGRAM.FILE {C:/dataSandbox/Zedboard/GNSS_RX_ZedMB/GNSS_RX_ZedMB.runs/impl_1/ZedMB_top.bit} [get_hw_devices xc7z020_1]
set_property PROBES.FILE {C:/dataSandbox/Zedboard/GNSS_RX_ZedMB/GNSS_RX_ZedMB.runs/impl_1/ZedMB_top.ltx} [get_hw_devices xc7z020_1]
set_property FULL_PROBES.FILE {C:/dataSandbox/Zedboard/GNSS_RX_ZedMB/GNSS_RX_ZedMB.runs/impl_1/ZedMB_top.ltx} [get_hw_devices xc7z020_1]
current_hw_device [get_hw_devices xc7z020_1]
refresh_hw_device [lindex [get_hw_devices xc7z020_1] 0]
INFO: [Labtools 27-1435] Device xc7z020 (JTAG device index = 1) is not programmed (DONE status = 0).
set_property PROBES.FILE {C:/dataSandbox/Zedboard/GNSS_RX_ZedMB/GNSS_RX_ZedMB.runs/impl_1/ZedMB_top.ltx} [get_hw_devices xc7z020_1]
set_property FULL_PROBES.FILE {C:/dataSandbox/Zedboard/GNSS_RX_ZedMB/GNSS_RX_ZedMB.runs/impl_1/ZedMB_top.ltx} [get_hw_devices xc7z020_1]
set_property PROGRAM.FILE {C:/dataSandbox/Zedboard/GNSS_RX_ZedMB/GNSS_RX_ZedMB.runs/impl_1/ZedMB_top.bit} [get_hw_devices xc7z020_1]
program_hw_devices [get_hw_devices xc7z020_1]
INFO: [Labtools 27-3164] End of startup status: HIGH
refresh_hw_device [lindex [get_hw_devices xc7z020_1] 0]
INFO: [Labtools 27-2302] Device xc7z020 (JTAG device index = 1) is programmed with a design that has 1 ILA core(s).
display_hw_ila_data [ get_hw_ila_data hw_ila_data_1 -of_objects [get_hw_ilas -of_objects [get_hw_devices xc7z020_1] -filter {CELL_NAME=~"u_ila_0"}]]
INFO: [Labtools 27-3304] ILA Waveform data saved to file C:/dataSandbox/Zedboard/GNSS_RX_ZedMB/GNSS_RX_ZedMB.hw/backup/hw_ila_data_1.ila. Use Tcl command 'read_hw_ila_data' or Vivado File->Import->Import ILA Data menu item to import the previously saved data.
run_hw_ila [get_hw_ilas -of_objects [get_hw_devices xc7z020_1] -filter {CELL_NAME=~"u_ila_0"}]
INFO: [Labtools 27-1964] The ILA core 'hw_ila_1' trigger was armed at 2022-Jul-05 14:29:16
ERROR: [Labtoolstcl 44-513] HW Target shutdown. Closing target: localhost:3121/xilinx_tcf/Digilent/210248B4AC06
