#-----------------------------------------------------------
# Vivado v2018.2 (64-bit)
# SW Build 2258646 on Thu Jun 14 20:03:12 MDT 2018
# IP Build 2256618 on Thu Jun 14 22:10:49 MDT 2018
# Start of session at: Wed Nov 28 12:32:41 2018
# Process ID: 10016
# Current directory: C:/sandbox/GNSS_RX_ZedMB
# Command line: vivado.exe -gui_launcher_event rodinguilauncherevent8400 C:\sandbox\GNSS_RX_ZedMB\GNSS_RX_ZedMB.xpr
# Log file: C:/sandbox/GNSS_RX_ZedMB/vivado.log
# Journal file: C:/sandbox/GNSS_RX_ZedMB\vivado.jou
#-----------------------------------------------------------
start_gui
open_project C:/sandbox/GNSS_RX_ZedMB/GNSS_RX_ZedMB.xpr
INFO: [Project 1-313] Project file moved from 'C:/sandbox/vhdl/GNSS_RX_ZedMB' since last save.
Scanning sources...
Finished scanning sources
INFO: [filemgmt 56-1] IP Repository Path: Directory not found as 'C:/sandbox/frontEndMonitorSVNtest/frontEndMonitorSVNtest/trunk/Technical/FPGA/Custom_IPs/ip_repo'; using path 'C:/sandbox/vhdl/frontEndMonitorSVNtest/frontEndMonitorSVNtest/trunk/Technical/FPGA/Custom_IPs/ip_repo' instead.
INFO: [filemgmt 56-1] IP Repository Path: Directory not found as 'C:/sandbox/frontEndMonitorSVNtest/frontEndMonitorSVNtest/trunk/Technical/FPGA/Custom_IPs/frontEndMonitor/frontEndMonitor.srcs'; using path 'C:/sandbox/vhdl/frontEndMonitorSVNtest/frontEndMonitorSVNtest/trunk/Technical/FPGA/Custom_IPs/frontEndMonitor/frontEndMonitor.srcs' instead.
INFO: [IP_Flow 19-234] Refreshing IP repositories
INFO: [IP_Flow 19-1700] Loaded user IP repository 'c:/sandbox/vhdl/frontEndMonitorSVNtest/frontEndMonitorSVNtest/trunk/Technical/FPGA/Custom_IPs/ip_repo'.
INFO: [IP_Flow 19-1700] Loaded user IP repository 'c:/sandbox/vhdl/frontEndMonitorSVNtest/frontEndMonitorSVNtest/trunk/Technical/FPGA/Custom_IPs/frontEndMonitor/frontEndMonitor.srcs'.
INFO: [IP_Flow 19-2313] Loaded Vivado IP repository 'C:/Xilinx/Vivado/2018.2/data/ip'.
WARNING: [Project 1-533] File 'C:/sandbox/vhdl/GNSS_RX_ZedMB/GNSS_RX_ZedMB.srcs/sources_1/ip/design_1_c_counter_binary_0_0/design_1_c_counter_binary_0_0.xci' could not be found in the subdesign 'C:/sandbox/GNSS_RX_ZedMB/GNSS_RX_ZedMB.srcs/sources_1/bd/design_1/design_1.bd', but fileset 'design_1_c_counter_binary_0_0' still exists. The fileset and corresponding run(s) will be deleted the next time top-level synthesis is run.
open_project: Time (s): cpu = 00:00:17 ; elapsed = 00:00:12 . Memory (MB): peak = 902.043 ; gain = 166.117
update_compile_order -fileset sources_1
open_bd_design {C:/sandbox/GNSS_RX_ZedMB/GNSS_RX_ZedMB.srcs/sources_1/bd/design_1/design_1.bd}
Adding cell -- xilinx.com:ip:microblaze:10.0 - microblaze_0
Adding cell -- xilinx.com:ip:clk_wiz:6.0 - clk_wiz_0
Adding cell -- xilinx.com:ip:axi_intc:4.1 - microblaze_0_axi_intc
Adding cell -- xilinx.com:ip:xlconcat:2.1 - microblaze_0_xlconcat
Adding cell -- xilinx.com:ip:mdm:3.2 - mdm_1
Adding cell -- xilinx.com:ip:proc_sys_reset:5.0 - rst_clk_wiz_0_100M
Adding cell -- xilinx.com:ip:axi_gpio:2.0 - axi_gpio_0
Adding cell -- xilinx.com:ip:c_counter_binary:12.0 - c_counter_binary_0
Adding cell -- xilinx.com:ip:axi_quad_spi:3.2 - axi_quad_spi_0
Adding cell -- xilinx.com:ip:axi_timer:2.0 - axi_timer_0
Adding cell -- xilinx.com:ip:axi_crossbar:2.1 - xbar
Adding cell -- xilinx.com:ip:lmb_v10:3.0 - dlmb_v10
Adding cell -- xilinx.com:ip:lmb_v10:3.0 - ilmb_v10
Adding cell -- xilinx.com:ip:lmb_bram_if_cntlr:4.0 - dlmb_bram_if_cntlr
Adding cell -- xilinx.com:ip:lmb_bram_if_cntlr:4.0 - ilmb_bram_if_cntlr
Adding cell -- xilinx.com:ip:blk_mem_gen:8.4 - lmb_bram
Successfully read diagram <design_1> from BD file <C:/sandbox/GNSS_RX_ZedMB/GNSS_RX_ZedMB.srcs/sources_1/bd/design_1/design_1.bd>
open_bd_design: Time (s): cpu = 00:00:12 ; elapsed = 00:00:10 . Memory (MB): peak = 1057.918 ; gain = 131.066
delete_bd_objs [get_bd_intf_nets microblaze_0_axi_periph_M05_AXI]
delete_bd_objs [get_bd_intf_ports extAXI]
startgroup
create_bd_intf_port -mode Master -vlnv xilinx.com:interface:aximm_rtl:1.0 M05_AXI
set_property -dict [list CONFIG.PROTOCOL [get_property CONFIG.PROTOCOL [get_bd_intf_pins microblaze_0_axi_periph/xbar/M05_AXI]] CONFIG.FREQ_HZ [get_property CONFIG.FREQ_HZ [get_bd_intf_pins microblaze_0_axi_periph/xbar/M05_AXI]] CONFIG.HAS_BURST [get_property CONFIG.HAS_BURST [get_bd_intf_pins microblaze_0_axi_periph/xbar/M05_AXI]] CONFIG.HAS_LOCK [get_property CONFIG.HAS_LOCK [get_bd_intf_pins microblaze_0_axi_periph/xbar/M05_AXI]] CONFIG.HAS_CACHE [get_property CONFIG.HAS_CACHE [get_bd_intf_pins microblaze_0_axi_periph/xbar/M05_AXI]] CONFIG.HAS_QOS [get_property CONFIG.HAS_QOS [get_bd_intf_pins microblaze_0_axi_periph/xbar/M05_AXI]] CONFIG.HAS_REGION [get_property CONFIG.HAS_REGION [get_bd_intf_pins microblaze_0_axi_periph/xbar/M05_AXI]] CONFIG.PHASE [get_property CONFIG.PHASE [get_bd_intf_pins microblaze_0_axi_periph/xbar/M05_AXI]]] [get_bd_intf_ports M05_AXI]
connect_bd_intf_net [get_bd_intf_pins microblaze_0_axi_periph/M05_AXI] [get_bd_intf_ports M05_AXI]
endgroup
open_bd_design {C:/sandbox/GNSS_RX_ZedMB/GNSS_RX_ZedMB.srcs/sources_1/bd/design_1/design_1.bd}
undo
INFO: [Common 17-17] undo 'endgroup'
INFO: [Common 17-17] undo 'connect_bd_intf_net [get_bd_intf_pins microblaze_0_axi_periph/M05_AXI] [get_bd_intf_ports M05_AXI]'
INFO: [Common 17-17] undo 'set_property -dict [list CONFIG.PROTOCOL [get_property CONFIG.PROTOCOL [get_bd_intf_pins microblaze_0_axi_periph/xbar/M05_AXI]] CONFIG.FREQ_HZ [get_property CONFIG.FREQ_HZ [get_bd_intf_pins microblaze_0_axi_periph/xbar/M05_AXI]] CONFIG.HAS_BURST [get_property CONFIG.HAS_BURST [get_bd_intf_pins microblaze_0_axi_periph/xbar/M05_AXI]] CONFIG.HAS_LOCK [get_property CONFIG.HAS_LOCK [get_bd_intf_pins microblaze_0_axi_periph/xbar/M05_AXI]] CONFIG.HAS_CACHE [get_property CONFIG.HAS_CACHE [get_bd_intf_pins microblaze_0_axi_periph/xbar/M05_AXI]] CONFIG.HAS_QOS [get_property CONFIG.HAS_QOS [get_bd_intf_pins microblaze_0_axi_periph/xbar/M05_AXI]] CONFIG.HAS_REGION [get_property CONFIG.HAS_REGION [get_bd_intf_pins microblaze_0_axi_periph/xbar/M05_AXI]] CONFIG.PHASE [get_property CONFIG.PHASE [get_bd_intf_pins microblaze_0_axi_periph/xbar/M05_AXI]]] [get_bd_intf_ports M05_AXI]'
INFO: [Common 17-17] undo 'create_bd_intf_port -mode Master -vlnv xilinx.com:interface:aximm_rtl:1.0 M05_AXI'
INFO: [Common 17-17] undo 'startgroup'
undo
INFO: [Common 17-17] undo 'delete_bd_objs [get_bd_intf_ports extAXI]'
undo
INFO: [Common 17-17] undo 'delete_bd_objs [get_bd_intf_nets microblaze_0_axi_periph_M05_AXI]'
open_bd_design {C:/sandbox/GNSS_RX_ZedMB/GNSS_RX_ZedMB.srcs/sources_1/bd/design_1/design_1.bd}
INFO: [Vivado 12-4158] Exported Hardware file is out of date. Exported hardware information may be inconsistent with respect to the current state of the design. It is recommended that you re-export the design and launch SDK otherwise SDK is launched with out of date hardware system file.
launch_sdk -workspace C:/sandbox/GNSS_RX_ZedMB/GNSS_RX_ZedMB.sdk -hwspec C:/sandbox/GNSS_RX_ZedMB/GNSS_RX_ZedMB.sdk/ZedMB_top.hdf
INFO: [Vivado 12-393] Launching SDK...
INFO: [Vivado 12-417] Running xsdk -workspace C:/sandbox/GNSS_RX_ZedMB/GNSS_RX_ZedMB.sdk -hwspec C:/sandbox/GNSS_RX_ZedMB/GNSS_RX_ZedMB.sdk/ZedMB_top.hdf
INFO: [Vivado 12-3157] SDK launch initiated. Please check console for any further messages.
