#-----------------------------------------------------------
# Vivado v2018.2 (64-bit)
# SW Build 2258646 on Thu Jun 14 20:03:12 MDT 2018
# IP Build 2256618 on Thu Jun 14 22:10:49 MDT 2018
# Start of session at: Wed Jun 22 12:22:37 2022
# Process ID: 19728
# Current directory: C:/dataSandbox/Zedboard/GNSS_RX_ZedMB
# Command line: vivado.exe -gui_launcher_event rodinguilauncherevent15732 C:\dataSandbox\Zedboard\GNSS_RX_ZedMB\GNSS_RX_ZedMB.xpr
# Log file: C:/dataSandbox/Zedboard/GNSS_RX_ZedMB/vivado.log
# Journal file: C:/dataSandbox/Zedboard/GNSS_RX_ZedMB\vivado.jou
#-----------------------------------------------------------
start_gui
open_project C:/dataSandbox/Zedboard/GNSS_RX_ZedMB/GNSS_RX_ZedMB.xpr
INFO: [Project 1-313] Project file moved from 'C:/sandbox/vhdl/GNSS_RX_ZedMB' since last save.
Scanning sources...
Finished scanning sources
WARNING: [filemgmt 56-2] IP Repository Path: Could not find the directory 'C:/dataSandbox/Zedboard/frontEndMonitorSVNtest/frontEndMonitorSVNtest/trunk/Technical/FPGA/Custom_IPs/ip_repo', nor could it be found using path 'C:/sandbox/vhdl/frontEndMonitorSVNtest/frontEndMonitorSVNtest/trunk/Technical/FPGA/Custom_IPs/ip_repo'.
WARNING: [filemgmt 56-2] IP Repository Path: Could not find the directory 'C:/dataSandbox/Zedboard/frontEndMonitorSVNtest/frontEndMonitorSVNtest/trunk/Technical/FPGA/Custom_IPs/frontEndMonitor/frontEndMonitor.srcs', nor could it be found using path 'C:/sandbox/vhdl/frontEndMonitorSVNtest/frontEndMonitorSVNtest/trunk/Technical/FPGA/Custom_IPs/frontEndMonitor/frontEndMonitor.srcs'.
INFO: [IP_Flow 19-234] Refreshing IP repositories
WARNING: [IP_Flow 19-2248] Failed to load user IP repository 'c:/dataSandbox/Zedboard/frontEndMonitorSVNtest/frontEndMonitorSVNtest/trunk/Technical/FPGA/Custom_IPs/ip_repo'; Can't find the specified path.
If this directory should no longer be in your list of user repositories, go to the IP Settings dialog and remove it.
WARNING: [IP_Flow 19-2248] Failed to load user IP repository 'c:/dataSandbox/Zedboard/frontEndMonitorSVNtest/frontEndMonitorSVNtest/trunk/Technical/FPGA/Custom_IPs/frontEndMonitor/frontEndMonitor.srcs'; Can't find the specified path.
If this directory should no longer be in your list of user repositories, go to the IP Settings dialog and remove it.
INFO: [IP_Flow 19-2313] Loaded Vivado IP repository 'C:/Xilinx/Vivado/2018.2/data/ip'.
WARNING: [Project 1-533] File 'C:/sandbox/vhdl/GNSS_RX_ZedMB/GNSS_RX_ZedMB.srcs/sources_1/ip/design_1_c_counter_binary_0_0/design_1_c_counter_binary_0_0.xci' could not be found in the subdesign 'C:/dataSandbox/Zedboard/GNSS_RX_ZedMB/GNSS_RX_ZedMB.srcs/sources_1/bd/design_1/design_1.bd', but fileset 'design_1_c_counter_binary_0_0' still exists. The fileset and corresponding run(s) will be deleted the next time top-level synthesis is run.
open_project: Time (s): cpu = 00:00:27 ; elapsed = 00:00:24 . Memory (MB): peak = 899.145 ; gain = 159.047
update_compile_order -fileset sources_1
reset_run synth_1
launch_runs synth_1 -jobs 4
[Wed Jun 22 12:23:50 2022] Launched synth_1...
Run output will be captured here: C:/dataSandbox/Zedboard/GNSS_RX_ZedMB/GNSS_RX_ZedMB.runs/synth_1/runme.log
launch_runs impl_1 -jobs 4
[Wed Jun 22 12:27:15 2022] Launched impl_1...
Run output will be captured here: C:/dataSandbox/Zedboard/GNSS_RX_ZedMB/GNSS_RX_ZedMB.runs/impl_1/runme.log
launch_runs impl_1 -to_step write_bitstream -jobs 4
[Wed Jun 22 12:40:11 2022] Launched impl_1...
Run output will be captured here: C:/dataSandbox/Zedboard/GNSS_RX_ZedMB/GNSS_RX_ZedMB.runs/impl_1/runme.log
open_run impl_1
INFO: [Netlist 29-17] Analyzing 1022 Unisim elements for replacement
INFO: [Netlist 29-28] Unisim Transformation completed in 0 CPU seconds
INFO: [Project 1-479] Netlist was created with Vivado 2018.2
INFO: [Device 21-403] Loading part xc7z020clg484-1
INFO: [Project 1-570] Preparing netlist for logic optimization
INFO: [Timing 38-478] Restoring timing data from binary archive.
INFO: [Timing 38-479] Binary timing data restore complete.
INFO: [Project 1-856] Restoring constraints from binary archive.
INFO: [Project 1-853] Binary constraint restore complete.
Reading XDEF placement.
Reading placer database...
Reading XDEF routing.
Read XDEF File: Time (s): cpu = 00:00:02 ; elapsed = 00:00:02 . Memory (MB): peak = 1924.539 ; gain = 0.000
Restored from archive | CPU: 2.000000 secs | Memory: 0.000000 MB |
Finished XDEF File Restore: Time (s): cpu = 00:00:02 ; elapsed = 00:00:02 . Memory (MB): peak = 1924.539 ; gain = 0.000
Generating merged BMM file for the design top 'ZedMB_top'...
INFO: [Memdata 28-144] Successfully populated the BRAM INIT strings from the following elf files: c:/dataSandbox/Zedboard/GNSS_RX_ZedMB/GNSS_RX_ZedMB.srcs/sources_1/bd/design_1/ip/design_1_microblaze_0_0/data/mb_bootloop_le.elf 
INFO: [Project 1-111] Unisim Transformation Summary:
  A total of 178 instances were transformed.
  CFGLUT5 => CFGLUT5 (SRLC32E, SRL16E): 40 instances
  LUT6_2 => LUT6_2 (LUT5, LUT6): 79 instances
  RAM16X1D => RAM32X1D (RAMD32, RAMD32): 32 instances
  RAM32M => RAM32M (RAMD32, RAMD32, RAMD32, RAMD32, RAMD32, RAMD32, RAMS32, RAMS32): 26 instances
  SRLC16E => SRL16E: 1 instances

open_run: Time (s): cpu = 00:00:58 ; elapsed = 00:00:46 . Memory (MB): peak = 2014.230 ; gain = 1054.715
open_report: Time (s): cpu = 00:00:10 ; elapsed = 00:00:06 . Memory (MB): peak = 2072.934 ; gain = 40.980
WARNING: [Timing 38-436] There are set_bus_skew constraint(s) in this design. Please run report_bus_skew to ensure that bus skew requirements are met.
write_hwdef -force  -file C:/dataSandbox/Zedboard/GNSS_RX_ZedMB/GNSS_RX_ZedMB.sdk/ZedMB_top.hdf
launch_sdk -workspace C:/dataSandbox/Zedboard/GNSS_RX_ZedMB/GNSS_RX_ZedMB.sdk -hwspec C:/dataSandbox/Zedboard/GNSS_RX_ZedMB/GNSS_RX_ZedMB.sdk/ZedMB_top.hdf
INFO: [Vivado 12-393] Launching SDK...
INFO: [Vivado 12-417] Running xsdk -workspace C:/dataSandbox/Zedboard/GNSS_RX_ZedMB/GNSS_RX_ZedMB.sdk -hwspec C:/dataSandbox/Zedboard/GNSS_RX_ZedMB/GNSS_RX_ZedMB.sdk/ZedMB_top.hdf
INFO: [Vivado 12-3157] SDK launch initiated. Please check console for any further messages.
