INFO: [VRFC 10-163] Analyzing VHDL file "C:/dataSandbox/Zedboard/GNSS_RX_ZedMB_runningVersionPreRebuild/GNSS_RX_ZedMB/GNSS_RX_ZedMB.ip_user_files/bd/design_1/sim/design_1.vhd" into library xil_defaultlib
INFO: [VRFC 10-307] analyzing entity m00_couplers_imp_8RVYHO
INFO: [VRFC 10-307] analyzing entity m01_couplers_imp_1UTB3Y5
INFO: [VRFC 10-307] analyzing entity m02_couplers_imp_7ANRHB
INFO: [VRFC 10-307] analyzing entity m03_couplers_imp_1W07O72
INFO: [VRFC 10-307] analyzing entity m04_couplers_imp_5LX7BU
INFO: [VRFC 10-307] analyzing entity m05_couplers_imp_1XR4ZAZ
INFO: [VRFC 10-307] analyzing entity m06_couplers_imp_4YOIXL
INFO: [VRFC 10-307] analyzing entity m07_couplers_imp_1YO2N20
INFO: [VRFC 10-307] analyzing entity microblaze_0_local_memory_imp_1K0VQXK
INFO: [VRFC 10-307] analyzing entity s00_couplers_imp_1RZP34U
INFO: [VRFC 10-307] analyzing entity s01_couplers_imp_2REGHR
INFO: [VRFC 10-307] analyzing entity design_1_microblaze_0_axi_periph_0
INFO: [VRFC 10-307] analyzing entity design_1
INFO: [VRFC 10-163] Analyzing VHDL file "C:/dataSandbox/Zedboard/GNSS_RX_ZedMB_runningVersionPreRebuild/GNSS_RX_ZedMB/GNSS_RX_ZedMB.ip_user_files/bd/design_1/ip/design_1_microblaze_0_0/sim/design_1_microblaze_0_0.vhd" into library xil_defaultlib
INFO: [VRFC 10-307] analyzing entity design_1_microblaze_0_0
INFO: [VRFC 10-163] Analyzing VHDL file "C:/dataSandbox/Zedboard/GNSS_RX_ZedMB_runningVersionPreRebuild/GNSS_RX_ZedMB/GNSS_RX_ZedMB.ip_user_files/bd/design_1/ip/design_1_microblaze_0_axi_intc_0/sim/design_1_microblaze_0_axi_intc_0.vhd" into library xil_defaultlib
INFO: [VRFC 10-307] analyzing entity design_1_microblaze_0_axi_intc_0
INFO: [VRFC 10-163] Analyzing VHDL file "C:/dataSandbox/Zedboard/GNSS_RX_ZedMB_runningVersionPreRebuild/GNSS_RX_ZedMB/GNSS_RX_ZedMB.ip_user_files/bd/design_1/ip/design_1_mdm_1_0/sim/design_1_mdm_1_0.vhd" into library xil_defaultlib
INFO: [VRFC 10-307] analyzing entity design_1_mdm_1_0
INFO: [VRFC 10-163] Analyzing VHDL file "C:/dataSandbox/Zedboard/GNSS_RX_ZedMB_runningVersionPreRebuild/GNSS_RX_ZedMB/GNSS_RX_ZedMB.ip_user_files/bd/design_1/ip/design_1_rst_clk_wiz_0_100M_0/sim/design_1_rst_clk_wiz_0_100M_0.vhd" into library xil_defaultlib
INFO: [VRFC 10-307] analyzing entity design_1_rst_clk_wiz_0_100M_0
INFO: [VRFC 10-163] Analyzing VHDL file "C:/dataSandbox/Zedboard/GNSS_RX_ZedMB_runningVersionPreRebuild/GNSS_RX_ZedMB/GNSS_RX_ZedMB.ip_user_files/bd/design_1/ip/design_1_axi_gpio_0_0/sim/design_1_axi_gpio_0_0.vhd" into library xil_defaultlib
INFO: [VRFC 10-307] analyzing entity design_1_axi_gpio_0_0
INFO: [VRFC 10-163] Analyzing VHDL file "C:/dataSandbox/Zedboard/GNSS_RX_ZedMB_runningVersionPreRebuild/GNSS_RX_ZedMB/GNSS_RX_ZedMB.ip_user_files/bd/design_1/ip/design_1_dlmb_v10_0/sim/design_1_dlmb_v10_0.vhd" into library xil_defaultlib
INFO: [VRFC 10-307] analyzing entity design_1_dlmb_v10_0
INFO: [VRFC 10-163] Analyzing VHDL file "C:/dataSandbox/Zedboard/GNSS_RX_ZedMB_runningVersionPreRebuild/GNSS_RX_ZedMB/GNSS_RX_ZedMB.ip_user_files/bd/design_1/ip/design_1_ilmb_v10_0/sim/design_1_ilmb_v10_0.vhd" into library xil_defaultlib
INFO: [VRFC 10-307] analyzing entity design_1_ilmb_v10_0
INFO: [VRFC 10-163] Analyzing VHDL file "C:/dataSandbox/Zedboard/GNSS_RX_ZedMB_runningVersionPreRebuild/GNSS_RX_ZedMB/GNSS_RX_ZedMB.ip_user_files/bd/design_1/ip/design_1_dlmb_bram_if_cntlr_0/sim/design_1_dlmb_bram_if_cntlr_0.vhd" into library xil_defaultlib
INFO: [VRFC 10-307] analyzing entity design_1_dlmb_bram_if_cntlr_0
INFO: [VRFC 10-163] Analyzing VHDL file "C:/dataSandbox/Zedboard/GNSS_RX_ZedMB_runningVersionPreRebuild/GNSS_RX_ZedMB/GNSS_RX_ZedMB.ip_user_files/bd/design_1/ip/design_1_ilmb_bram_if_cntlr_0/sim/design_1_ilmb_bram_if_cntlr_0.vhd" into library xil_defaultlib
INFO: [VRFC 10-307] analyzing entity design_1_ilmb_bram_if_cntlr_0
INFO: [VRFC 10-163] Analyzing VHDL file "C:/dataSandbox/Zedboard/GNSS_RX_ZedMB_runningVersionPreRebuild/GNSS_RX_ZedMB/GNSS_RX_ZedMB.ip_user_files/bd/design_1/ip/design_1_c_counter_binary_0_0/sim/design_1_c_counter_binary_0_0.vhd" into library xil_defaultlib
INFO: [VRFC 10-307] analyzing entity design_1_c_counter_binary_0_0
INFO: [VRFC 10-163] Analyzing VHDL file "C:/dataSandbox/Zedboard/GNSS_RX_ZedMB_runningVersionPreRebuild/GNSS_RX_ZedMB/GNSS_RX_ZedMB.ip_user_files/bd/design_1/ip/design_1_axi_quad_spi_0_0/sim/design_1_axi_quad_spi_0_0.vhd" into library xil_defaultlib
INFO: [VRFC 10-307] analyzing entity design_1_axi_quad_spi_0_0
INFO: [VRFC 10-163] Analyzing VHDL file "C:/dataSandbox/Zedboard/GNSS_RX_ZedMB_runningVersionPreRebuild/GNSS_RX_ZedMB/GNSS_RX_ZedMB.ip_user_files/bd/design_1/ip/design_1_axi_timer_0_0/sim/design_1_axi_timer_0_0.vhd" into library xil_defaultlib
INFO: [VRFC 10-307] analyzing entity design_1_axi_timer_0_0
INFO: [VRFC 10-163] Analyzing VHDL file "C:/dataSandbox/Zedboard/GNSS_RX_ZedMB_runningVersionPreRebuild/GNSS_RX_ZedMB/GNSS_RX_ZedMB.srcs/sources_1/imports/frontEndMonitor/receiverConfigurationPackage.vhd" into library xil_defaultlib
INFO: [VRFC 10-163] Analyzing VHDL file "C:/dataSandbox/Zedboard/GNSS_RX_ZedMB_runningVersionPreRebuild/GNSS_RX_ZedMB/GNSS_RX_ZedMB.srcs/sources_1/imports/frontEndMonitor/ROM_CA.vhd" into library xil_defaultlib
INFO: [VRFC 10-307] analyzing entity ROM_CA
INFO: [VRFC 10-163] Analyzing VHDL file "C:/dataSandbox/Zedboard/GNSS_RX_ZedMB_runningVersionPreRebuild/GNSS_RX_ZedMB/GNSS_RX_ZedMB.srcs/sources_1/imports/frontEndMonitor/ROM_E1B.vhd" into library xil_defaultlib
INFO: [VRFC 10-307] analyzing entity ROM_E1B
INFO: [VRFC 10-163] Analyzing VHDL file "C:/dataSandbox/Zedboard/GNSS_RX_ZedMB_runningVersionPreRebuild/GNSS_RX_ZedMB/GNSS_RX_ZedMB.srcs/sources_1/imports/frontEndMonitor/ROM_E5a_I.vhd" into library xil_defaultlib
INFO: [VRFC 10-307] analyzing entity ROM_E5a_I
INFO: [VRFC 10-163] Analyzing VHDL file "C:/dataSandbox/Zedboard/GNSS_RX_ZedMB_runningVersionPreRebuild/GNSS_RX_ZedMB/GNSS_RX_ZedMB.srcs/sources_1/bd/design_1/hdl/design_1_wrapper.vhd" into library xil_defaultlib
INFO: [VRFC 10-307] analyzing entity design_1_wrapper
INFO: [VRFC 10-163] Analyzing VHDL file "C:/dataSandbox/Zedboard/GNSS_RX_ZedMB_runningVersionPreRebuild/GNSS_RX_ZedMB/GNSS_RX_ZedMB.srcs/sources_1/imports/frontEndMonitor/noiseCorrelator.vhd" into library xil_defaultlib
INFO: [VRFC 10-307] analyzing entity noiseCorrelator
INFO: [VRFC 10-163] Analyzing VHDL file "C:/dataSandbox/Zedboard/GNSS_RX_ZedMB_runningVersionPreRebuild/GNSS_RX_ZedMB/GNSS_RX_ZedMB.srcs/sources_1/imports/frontEndMonitor/frontEndMonitor.vhd" into library xil_defaultlib
INFO: [VRFC 10-307] analyzing entity frontEndMonitor
INFO: [VRFC 10-163] Analyzing VHDL file "C:/dataSandbox/Zedboard/GNSS_RX_ZedMB_runningVersionPreRebuild/GNSS_RX_ZedMB/GNSS_RX_ZedMB.srcs/sources_1/imports/frontEndMonitor/frontEndMonitorIP_v1_0_S_AXI.vhd" into library xil_defaultlib
INFO: [VRFC 10-307] analyzing entity frontEndMonitorIP_v1_0_S_AXI
INFO: [VRFC 10-163] Analyzing VHDL file "C:/dataSandbox/Zedboard/GNSS_RX_ZedMB_runningVersionPreRebuild/GNSS_RX_ZedMB/GNSS_RX_ZedMB.srcs/sources_1/imports/frontEndMonitor/frontEndMonitorIP_v1_0.vhd" into library xil_defaultlib
INFO: [VRFC 10-307] analyzing entity frontEndMonitorIP_v1_0
INFO: [VRFC 10-163] Analyzing VHDL file "C:/dataSandbox/Zedboard/GNSS_RX_ZedMB_runningVersionPreRebuild/GNSS_RX_ZedMB/GNSS_RX_ZedMB.srcs/sources_1/new/ZedMB_top.vhd" into library xil_defaultlib
INFO: [VRFC 10-307] analyzing entity ZedMB_top
